<?xml version="1.0" encoding="UTF-8"?>
<!-- Generated by org.testng.reporters.JUnitXMLReporter -->
<testsuite hostname="DESKTOP-5V9BS6T" ignored="6" name="AmountBoxVerify" tests="4" failures="0" timestamp="2021-11-19T00:52:52 BDT" time="47.553" errors="0">
  <testcase name="buyFieldVerify" time="6.163" classname="com.paysera.testcases.AmountBoxVerify"/>
  <testcase name="sellFieldVerify" time="6.15" classname="com.paysera.testcases.AmountBoxVerify"/>
  <testcase name="changeCountry" time="17.327" classname="com.paysera.testcases.RateUpdated"/>
  <testcase name="seeLossValue" time="17.894" classname="com.paysera.testcases.RepresentingLoss"/>
  <testcase name="@AfterSuite tearDown" time="0.0" classname="com.paysera.base.TestBase">
    <ignored/>
  </testcase> <!-- @AfterSuite tearDown -->
  <testcase name="@AfterSuite tearDown" time="0.0" classname="com.paysera.base.TestBase">
    <ignored/>
  </testcase> <!-- @AfterSuite tearDown -->
  <testcase name="@AfterSuite tearDown" time="0.0" classname="com.paysera.base.TestBase">
    <ignored/>
  </testcase> <!-- @AfterSuite tearDown -->
  <testcase name="@BeforeSuite setUp" time="0.0" classname="com.paysera.base.TestBase">
    <ignored/>
  </testcase> <!-- @BeforeSuite setUp -->
  <testcase name="@BeforeSuite setUp" time="0.0" classname="com.paysera.base.TestBase">
    <ignored/>
  </testcase> <!-- @BeforeSuite setUp -->
  <testcase name="@BeforeSuite setUp" time="0.0" classname="com.paysera.base.TestBase">
    <ignored/>
  </testcase> <!-- @BeforeSuite setUp -->
</testsuite> <!-- AmountBoxVerify -->
