<?xml version="1.0" encoding="UTF-8"?>
<!-- Generated by org.testng.reporters.JUnitXMLReporter -->
<testsuite hostname="Rounak" ignored="2" name="AmountBoxVerify" tests="3" failures="0" timestamp="2021-11-18T16:39:02 BDT" time="14.53" errors="0">
  <testcase name="buyFieldVerify" time="6.24" classname="com.paysera.testcases.AmountBoxVerify"/>
  <testcase name="sellFieldVerify" time="6.189" classname="com.paysera.testcases.AmountBoxVerify"/>
  <testcase name="changeCountry" time="2.074" classname="com.paysera.testcases.RateUpdated"/>
  <testcase name="@AfterSuite tearDown" time="0.0" classname="com.paysera.base.TestBase">
    <ignored/>
  </testcase> <!-- @AfterSuite tearDown -->
  <testcase name="@BeforeSuite setUp" time="0.0" classname="com.paysera.base.TestBase">
    <ignored/>
  </testcase> <!-- @BeforeSuite setUp -->
</testsuite> <!-- AmountBoxVerify -->
