<?xml version="1.0" encoding="UTF-8"?>
<testng-results skipped="0" failed="0" ignored="2" total="5" passed="3">
  <reporter-output>
  </reporter-output>
  <suite name="CurrencyConversion" duration-ms="14530" started-at="2021-11-18T16:38:47 BDT" finished-at="2021-11-18T16:39:02 BDT">
    <groups>
    </groups>
    <test name="AmountBoxVerify" duration-ms="14530" started-at="2021-11-18T16:38:47 BDT" finished-at="2021-11-18T16:39:02 BDT">
      <class name="com.paysera.testcases.AmountBoxVerify">
        <test-method status="PASS" signature="setUp()[pri:0, instance:com.paysera.testcases.AmountBoxVerify@9a7504c]" name="setUp" is-config="true" duration-ms="9651" started-at="2021-11-18T16:38:38 BDT" finished-at="2021-11-18T16:38:47 BDT">
          <reporter-output>
          </reporter-output>
        </test-method> <!-- setUp -->
        <test-method status="PASS" signature="buyFieldVerify()[pri:1, instance:com.paysera.testcases.AmountBoxVerify@9a7504c]" name="buyFieldVerify" duration-ms="6240" started-at="2021-11-18T16:38:47 BDT" finished-at="2021-11-18T16:38:54 BDT">
          <reporter-output>
          </reporter-output>
        </test-method> <!-- buyFieldVerify -->
        <test-method status="PASS" signature="sellFieldVerify()[pri:2, instance:com.paysera.testcases.AmountBoxVerify@9a7504c]" name="sellFieldVerify" duration-ms="6189" started-at="2021-11-18T16:38:54 BDT" finished-at="2021-11-18T16:39:00 BDT">
          <reporter-output>
          </reporter-output>
        </test-method> <!-- sellFieldVerify -->
        <test-method status="PASS" signature="tearDown()[pri:0, instance:com.paysera.testcases.AmountBoxVerify@9a7504c]" name="tearDown" is-config="true" duration-ms="612" started-at="2021-11-18T16:39:02 BDT" finished-at="2021-11-18T16:39:02 BDT">
          <reporter-output>
          </reporter-output>
        </test-method> <!-- tearDown -->
      </class> <!-- com.paysera.testcases.AmountBoxVerify -->
      <class name="com.paysera.testcases.RateUpdated">
        <test-method status="PASS" signature="changeCountry()[pri:0, instance:com.paysera.testcases.RateUpdated@2c039ac6]" name="changeCountry" duration-ms="2074" started-at="2021-11-18T16:39:00 BDT" finished-at="2021-11-18T16:39:02 BDT">
          <reporter-output>
          </reporter-output>
        </test-method> <!-- changeCountry -->
      </class> <!-- com.paysera.testcases.RateUpdated -->
    </test> <!-- AmountBoxVerify -->
  </suite> <!-- CurrencyConversion -->
</testng-results>
